\BOOKMARK [1][-]{section.1}{Part\040A:\040Multiprocessor\040Support\040and\040Cooperative\040Multitasking}{}% 1
\BOOKMARK [2][-]{subsection.1.1}{Exercise\0401}{section.1}% 2
\BOOKMARK [2][-]{subsection.1.2}{Exercise\0402}{section.1}% 3
\BOOKMARK [2][-]{subsection.1.3}{Question\0401}{section.1}% 4
\BOOKMARK [2][-]{subsection.1.4}{Exercise\0403}{section.1}% 5
\BOOKMARK [2][-]{subsection.1.5}{Exercise\0404}{section.1}% 6
\BOOKMARK [2][-]{subsection.1.6}{Exercise\0405}{section.1}% 7
\BOOKMARK [2][-]{subsection.1.7}{Question\0402}{section.1}% 8
\BOOKMARK [2][-]{subsection.1.8}{Exercise\0406}{section.1}% 9
\BOOKMARK [2][-]{subsection.1.9}{Question\0403-4}{section.1}% 10
\BOOKMARK [2][-]{subsection.1.10}{Challenge\0402}{section.1}% 11
\BOOKMARK [2][-]{subsection.1.11}{Question\0407}{section.1}% 12
\BOOKMARK [3][-]{subsubsection.1.11.1}{sys_exofork}{subsection.1.11}% 13
\BOOKMARK [3][-]{subsubsection.1.11.2}{sys_env_set_status}{subsection.1.11}% 14
\BOOKMARK [3][-]{subsubsection.1.11.3}{sys_page_alloc}{subsection.1.11}% 15
\BOOKMARK [3][-]{subsubsection.1.11.4}{sys_page_map}{subsection.1.11}% 16
\BOOKMARK [3][-]{subsubsection.1.11.5}{sys_page_unmap}{subsection.1.11}% 17
\BOOKMARK [1][-]{section.2}{Part\040B:\040Copy-on-Write\040Fork}{}% 18
\BOOKMARK [2][-]{subsection.2.1}{Exercise\0408}{section.2}% 19
\BOOKMARK [2][-]{subsection.2.2}{Exercise\0409}{section.2}% 20
\BOOKMARK [2][-]{subsection.2.3}{Exercise\04010}{section.2}% 21
\BOOKMARK [2][-]{subsection.2.4}{Exercise\04011}{section.2}% 22
\BOOKMARK [2][-]{subsection.2.5}{\040Exercise\04012\040}{section.2}% 23
\BOOKMARK [3][-]{subsubsection.2.5.1}{\040fork\040}{subsection.2.5}% 24
\BOOKMARK [3][-]{subsubsection.2.5.2}{\040duppage\040}{subsection.2.5}% 25
\BOOKMARK [3][-]{subsubsection.2.5.3}{\040pgfault\040}{subsection.2.5}% 26
\BOOKMARK [1][-]{section.3}{\040Part\040C:\040IPC\040}{}% 27
\BOOKMARK [2][-]{subsection.3.1}{\040Exercise\04013\040}{section.3}% 28
\BOOKMARK [2][-]{subsection.3.2}{\040Exercise\04014\040}{section.3}% 29
\BOOKMARK [2][-]{subsection.3.3}{\040Exercise\04015\040}{section.3}% 30
\BOOKMARK [2][-]{subsection.3.4}{\040sys_ipc_recv\040}{section.3}% 31
\BOOKMARK [2][-]{subsection.3.5}{\040sys_try_send\040}{section.3}% 32
\BOOKMARK [2][-]{subsection.3.6}{\040ipc_recv\040}{section.3}% 33
\BOOKMARK [2][-]{subsection.3.7}{\040ipc_send\040}{section.3}% 34
