\BOOKMARK [1][-]{section.1}{Part\0401:\040Physical\040Page\040Management}{}% 1
\BOOKMARK [2][-]{subsection.1.1}{Exercise\0401}{section.1}% 2
\BOOKMARK [3][-]{subsubsection.1.1.1}{boot_alloc\(\)}{subsection.1.1}% 3
\BOOKMARK [3][-]{subsubsection.1.1.2}{mem_init\(\)\040\(only\040up\040to\040call\040to\040check_page_free_list\(1\)\)}{subsection.1.1}% 4
\BOOKMARK [3][-]{subsubsection.1.1.3}{page_init\(\)}{subsection.1.1}% 5
\BOOKMARK [3][-]{subsubsection.1.1.4}{page_alloc\(\)}{subsection.1.1}% 6
\BOOKMARK [3][-]{subsubsection.1.1.5}{page_free\(\)}{subsection.1.1}% 7
\BOOKMARK [1][-]{section.2}{Part\0402:\040Virtual\040Memory}{}% 8
\BOOKMARK [2][-]{subsection.2.1}{Exercise\0402}{section.2}% 9
\BOOKMARK [2][-]{subsection.2.2}{Exercise\0403}{section.2}% 10
\BOOKMARK [2][-]{subsection.2.3}{Question}{section.2}% 11
\BOOKMARK [2][-]{subsection.2.4}{Exercise\0404}{section.2}% 12
\BOOKMARK [3][-]{subsubsection.2.4.1}{pddir_walk\(\)}{subsection.2.4}% 13
\BOOKMARK [3][-]{subsubsection.2.4.2}{boot_map_region}{subsection.2.4}% 14
\BOOKMARK [3][-]{subsubsection.2.4.3}{page_lookup}{subsection.2.4}% 15
\BOOKMARK [3][-]{subsubsection.2.4.4}{page_remove}{subsection.2.4}% 16
\BOOKMARK [3][-]{subsubsection.2.4.5}{page_insert}{subsection.2.4}% 17
\BOOKMARK [1][-]{section.3}{Part\0403:\040Kernel\040Address\040Space}{}% 18
\BOOKMARK [2][-]{subsection.3.1}{Exercise\0405}{section.3}% 19
\BOOKMARK [3][-]{subsubsection.3.1.1}{map\040'pages'}{subsection.3.1}% 20
\BOOKMARK [3][-]{subsubsection.3.1.2}{map\040'bootstack'}{subsection.3.1}% 21
\BOOKMARK [3][-]{subsubsection.3.1.3}{map\040all\040of\040physical\040memory}{subsection.3.1}% 22
\BOOKMARK [2][-]{subsection.3.2}{Question}{section.3}% 23
\BOOKMARK [3][-]{subsubsection.3.2.1}{Q2}{subsection.3.2}% 24
\BOOKMARK [3][-]{subsubsection.3.2.2}{Q3}{subsection.3.2}% 25
\BOOKMARK [3][-]{subsubsection.3.2.3}{Q4}{subsection.3.2}% 26
\BOOKMARK [3][-]{subsubsection.3.2.4}{Q5}{subsection.3.2}% 27
\BOOKMARK [3][-]{subsubsection.3.2.5}{Q6}{subsection.3.2}% 28
\BOOKMARK [2][-]{subsection.3.3}{Challenge\0401:}{section.3}% 29
\BOOKMARK [2][-]{subsection.3.4}{Challenge\0402:}{section.3}% 30
\BOOKMARK [3][-]{subsubsection.3.4.1}{\040ShowMappings\040}{subsection.3.4}% 31
\BOOKMARK [3][-]{subsubsection.3.4.2}{\040SetPermission\040}{subsection.3.4}% 32
\BOOKMARK [3][-]{subsubsection.3.4.3}{\040Dump\040}{subsection.3.4}% 33
\BOOKMARK [2][-]{subsection.3.5}{Challenge\0403:}{section.3}% 34
\BOOKMARK [2][-]{subsection.3.6}{Challenge\0404:}{section.3}% 35
