\BOOKMARK [1][-]{section.1}{\040Part\040A:\040User\040Environments\040and\040Exception\040Handling\040}{}% 1
\BOOKMARK [2][-]{subsection.1.1}{\040Exercise\0401\040}{section.1}% 2
\BOOKMARK [2][-]{subsection.1.2}{\040Exercise\0402\040}{section.1}% 3
\BOOKMARK [3][-]{subsubsection.1.2.1}{env_init}{subsection.1.2}% 4
\BOOKMARK [3][-]{subsubsection.1.2.2}{env_setup_vm}{subsection.1.2}% 5
\BOOKMARK [3][-]{subsubsection.1.2.3}{region_alloc}{subsection.1.2}% 6
\BOOKMARK [3][-]{subsubsection.1.2.4}{load_icode}{subsection.1.2}% 7
\BOOKMARK [3][-]{subsubsection.1.2.5}{env_create}{subsection.1.2}% 8
\BOOKMARK [3][-]{subsubsection.1.2.6}{env_run}{subsection.1.2}% 9
\BOOKMARK [2][-]{subsection.1.3}{\040Exercise\0403\040}{section.1}% 10
\BOOKMARK [2][-]{subsection.1.4}{\040Exercise\0404\040}{section.1}% 11
\BOOKMARK [3][-]{subsubsection.1.4.1}{\040trapentry.S\040}{subsection.1.4}% 12
\BOOKMARK [3][-]{subsubsection.1.4.2}{\040trap_init\040}{subsection.1.4}% 13
\BOOKMARK [2][-]{subsection.1.5}{\040Challenge\0401\040}{section.1}% 14
\BOOKMARK [2][-]{subsection.1.6}{\040Question\040}{section.1}% 15
\BOOKMARK [1][-]{section.2}{\040Part\040B:\040Page\040Faults,\040Breakpoints\040Exceptions,\040and\040System\040Calls\040}{}% 16
\BOOKMARK [2][-]{subsection.2.1}{\040Exercise\0405\040&\040Exercise\0406}{section.2}% 17
\BOOKMARK [2][-]{subsection.2.2}{\040Challenge\0402\040}{section.2}% 18
\BOOKMARK [2][-]{subsection.2.3}{\040Question\040}{section.2}% 19
\BOOKMARK [2][-]{subsection.2.4}{\040Exercise\0407\040}{section.2}% 20
\BOOKMARK [2][-]{subsection.2.5}{\040Challenge\0403\040}{section.2}% 21
\BOOKMARK [3][-]{subsubsection.2.5.1}{\040Step.\0400\040implementation\040}{subsection.2.5}% 22
\BOOKMARK [3][-]{subsubsection.2.5.2}{\040Step.\0401\040&\0402\040implementation\040}{subsection.2.5}% 23
\BOOKMARK [3][-]{subsubsection.2.5.3}{\040Step.\0403\040-\0406\040implementation\040}{subsection.2.5}% 24
\BOOKMARK [2][-]{subsection.2.6}{\040Exercise\0408\040}{section.2}% 25
\BOOKMARK [2][-]{subsection.2.7}{\040Exercise\0409\040}{section.2}% 26
\BOOKMARK [2][-]{subsection.2.8}{\040Exercise\04010\040}{section.2}% 27
