*** Now run 'gdb'.
***
Could not open option rom 'sgabios.bin': No such file or directory
6828 decimal is 15254 octal!
entering test_backtrace 5
entering test_backtrace 4
entering test_backtrace 3
entering test_backtrace 2
entering test_backtrace 1
entering test_backtrace 0
  ebp f0115f18  eip f010007b  args 00000000 00000000 00000000 00000000 f01009d8
        kern/init.c:18: test_backtrace+59
  ebp f0115f38  eip f0100068  args 00000000 00000001 f0115f78 00000000 f01009d8
        kern/init.c:16: test_backtrace+40
  ebp f0115f58  eip f0100068  args 00000001 00000002 f0115f98 00000000 f01009d8
        kern/init.c:16: test_backtrace+40
  ebp f0115f78  eip f0100068  args 00000002 00000003 f0115fb8 00000000 f01009d8
        kern/init.c:16: test_backtrace+40
  ebp f0115f98  eip f0100068  args 00000003 00000004 00000000 00000000 00000000
        kern/init.c:16: test_backtrace+40
  ebp f0115fb8  eip f0100068  args 00000004 00000005 00000000 00010074 00010074
        kern/init.c:16: test_backtrace+40
  ebp f0115fd8  eip f01000d4  args 00000005 00001aac 00000644 00000000 00000000
        kern/init.c:48: i386_init+64
  ebp f0115ff8  eip f010003e  args 00117021 00000000 00000000 00000000 00000000
        kern/entry.S:83: <unknown>+0
leaving test_backtrace 0
leaving test_backtrace 1
leaving test_backtrace 2
leaving test_backtrace 3
leaving test_backtrace 4
leaving test_backtrace 5
Welcome to the JOS kernel monitor!
Type 'help' for a list of commands.

QEMU: Terminated via GDBstub
