+ ld obj/kern/kernel
+ mk obj/kern/kernel.img
Could not open option rom 'sgabios.bin': No such file or directory
6828 decimal is 15254 octal!
Physical memory: 66556K available, base = 640K, extended = 65532K
check_page_alloc() succeeded!
check_page() succeeded!
check_kern_pgdir() succeeded!
check_page_installed_pgdir() succeeded!
mem_init done! 
env_init done! 
trap_init done! 
env_setup_vm in
env_setup_vm out
[00000000] new env 00001000
Incoming TRAP frame at 0xefffffbc
TRAPNO : 48
0
fover sys cputs
Incoming TRAP frame at 0xefffffbc
TRAPNO : 48
3
[00001000] exiting gracefully
[00001000] free env 00001000
Destroyed the only environment - nothing more to do!
Welcome to the JOS kernel monitor!
Type 'help' for a list of commands.

QEMU: Terminated via GDBstub
